TN:
SF:/Users/haile/codefellows/401/lab_assignments/lab-01/lib/arithmetic.js
FN:9,(anonymous_0)
FN:11,(anonymous_1)
FN:16,(anonymous_2)
FN:18,(anonymous_3)
FN:23,(anonymous_4)
FN:25,(anonymous_5)
FN:29,(anonymous_6)
FN:32,(anonymous_7)
FNF:8
FNH:8
FNDA:1,(anonymous_0)
FNDA:1,(anonymous_1)
FNDA:1,(anonymous_2)
FNDA:1,(anonymous_3)
FNDA:2,(anonymous_4)
FNDA:3,(anonymous_5)
FNDA:2,(anonymous_6)
FNDA:3,(anonymous_7)
DA:3,1
DA:9,1
DA:11,1
DA:12,1
DA:16,1
DA:18,1
DA:19,1
DA:23,1
DA:25,2
DA:26,3
DA:29,1
DA:32,2
DA:33,3
LF:13
LH:13
BRF:0
BRH:0
end_of_record
